tests/navigation-audit.spec.ts(47,13): error TS7053: Element implicitly has an 'any' type because expression of type 'string' can't be used to index type '{ 'Voice AI': { expected: string; status: string; }; 'Google Ads': { expected: string; status: string; }; 'Facebook Ads': { expected: string; status: string; }; 'Lead Generation': { expected: string; status: string; }; }'.
  No index signature with a parameter of type 'string' was found on type '{ 'Voice AI': { expected: string; status: string; }; 'Google Ads': { expected: string; status: string; }; 'Facebook Ads': { expected: string; status: string; }; 'Lead Generation': { expected: string; status: string; }; }'.
tests/navigation-audit.spec.ts(50,13): error TS7053: Element implicitly has an 'any' type because expression of type 'string' can't be used to index type '{ 'Voice AI': { expected: string; status: string; }; 'Google Ads': { expected: string; status: string; }; 'Facebook Ads': { expected: string; status: string; }; 'Lead Generation': { expected: string; status: string; }; }'.
  No index signature with a parameter of type 'string' was found on type '{ 'Voice AI': { expected: string; status: string; }; 'Google Ads': { expected: string; status: string; }; 'Facebook Ads': { expected: string; status: string; }; 'Lead Generation': { expected: string; status: string; }; }'.
tests/navigation-audit.spec.ts(58,11): error TS7053: Element implicitly has an 'any' type because expression of type 'string' can't be used to index type '{ 'Voice AI': { expected: string; status: string; }; 'Google Ads': { expected: string; status: string; }; 'Facebook Ads': { expected: string; status: string; }; 'Lead Generation': { expected: string; status: string; }; }'.
  No index signature with a parameter of type 'string' was found on type '{ 'Voice AI': { expected: string; status: string; }; 'Google Ads': { expected: string; status: string; }; 'Facebook Ads': { expected: string; status: string; }; 'Lead Generation': { expected: string; status: string; }; }'.
tests/navigation-audit.spec.ts(62,9): error TS7053: Element implicitly has an 'any' type because expression of type 'string' can't be used to index type '{ 'Voice AI': { expected: string; status: string; }; 'Google Ads': { expected: string; status: string; }; 'Facebook Ads': { expected: string; status: string; }; 'Lead Generation': { expected: string; status: string; }; }'.
  No index signature with a parameter of type 'string' was found on type '{ 'Voice AI': { expected: string; status: string; }; 'Google Ads': { expected: string; status: string; }; 'Facebook Ads': { expected: string; status: string; }; 'Lead Generation': { expected: string; status: string; }; }'.
tests/production-validation.spec.ts(166,42): error TS18046: 'error' is of type 'unknown'.
tests/production-validation.spec.ts(167,40): error TS18046: 'error' is of type 'unknown'.
tests/production-validation.spec.ts(275,35): error TS2345: Argument of type 'string' is not assignable to parameter of type 'never'.
tests/production-validation.spec.ts(278,35): error TS2345: Argument of type 'string' is not assignable to parameter of type 'never'.
tests/production-validation.spec.ts(281,35): error TS2345: Argument of type 'string' is not assignable to parameter of type 'never'.
tests/production-validation.spec.ts(284,35): error TS2345: Argument of type 'string' is not assignable to parameter of type 'never'.
tests/production-validation.spec.ts(287,35): error TS2345: Argument of type '"âœ… ALL TESTS PASSED - READY FOR PRODUCTION DEPLOYMENT"' is not assignable to parameter of type 'never'.
