INTEGRATION_CODE_EXAMPLES.tsx(18,10): error TS2300: Duplicate identifier 'ClientLogosCarousel'.
INTEGRATION_CODE_EXAMPLES.tsx(20,33): error TS2307: Cannot find module '@/components/sections/FeaturesSection' or its corresponding type declarations.
INTEGRATION_CODE_EXAMPLES.tsx(23,25): error TS2323: Cannot redeclare exported variable 'default'.
INTEGRATION_CODE_EXAMPLES.tsx(23,25): error TS2393: Duplicate function implementation.
INTEGRATION_CODE_EXAMPLES.tsx(47,3): error TS2300: Duplicate identifier 'IntegrationPartnersGrid'.
INTEGRATION_CODE_EXAMPLES.tsx(48,3): error TS2300: Duplicate identifier 'IntegrationPartner'.
INTEGRATION_CODE_EXAMPLES.tsx(48,3): error TS2440: Import declaration conflicts with local declaration of 'IntegrationPartner'.
INTEGRATION_CODE_EXAMPLES.tsx(49,3): error TS2300: Duplicate identifier 'exampleIntegrations'.
INTEGRATION_CODE_EXAMPLES.tsx(51,10): error TS2300: Duplicate identifier 'ClientLogosCarousel'.
INTEGRATION_CODE_EXAMPLES.tsx(114,25): error TS2323: Cannot redeclare exported variable 'default'.
INTEGRATION_CODE_EXAMPLES.tsx(114,25): error TS2393: Duplicate function implementation.
INTEGRATION_CODE_EXAMPLES.tsx(180,10): error TS2300: Duplicate identifier 'ClientLogosCarousel'.
INTEGRATION_CODE_EXAMPLES.tsx(182,25): error TS2323: Cannot redeclare exported variable 'default'.
INTEGRATION_CODE_EXAMPLES.tsx(182,25): error TS2393: Duplicate function implementation.
INTEGRATION_CODE_EXAMPLES.tsx(235,3): error TS2300: Duplicate identifier 'IntegrationPartnersGrid'.
INTEGRATION_CODE_EXAMPLES.tsx(236,3): error TS2300: Duplicate identifier 'IntegrationPartner'.
INTEGRATION_CODE_EXAMPLES.tsx(239,25): error TS2323: Cannot redeclare exported variable 'default'.
INTEGRATION_CODE_EXAMPLES.tsx(239,25): error TS2393: Duplicate function implementation.
INTEGRATION_CODE_EXAMPLES.tsx(281,3): error TS2300: Duplicate identifier 'IntegrationPartnersGrid'.
INTEGRATION_CODE_EXAMPLES.tsx(282,3): error TS2300: Duplicate identifier 'IntegrationPartner'.
INTEGRATION_CODE_EXAMPLES.tsx(302,31): error TS2323: Cannot redeclare exported variable 'default'.
INTEGRATION_CODE_EXAMPLES.tsx(302,31): error TS2393: Duplicate function implementation.
INTEGRATION_CODE_EXAMPLES.tsx(327,3): error TS2300: Duplicate identifier 'IntegrationPartnersGrid'.
INTEGRATION_CODE_EXAMPLES.tsx(328,3): error TS2300: Duplicate identifier 'IntegrationPartner'.
INTEGRATION_CODE_EXAMPLES.tsx(329,3): error TS2300: Duplicate identifier 'exampleIntegrations'.
INTEGRATION_CODE_EXAMPLES.tsx(332,25): error TS2323: Cannot redeclare exported variable 'default'.
INTEGRATION_CODE_EXAMPLES.tsx(332,25): error TS2393: Duplicate function implementation.
INTEGRATION_CODE_EXAMPLES.tsx(386,28): error TS2322: Type '{ className: string; }' is not assignable to type 'IntrinsicAttributes'.
  Property 'className' does not exist on type 'IntrinsicAttributes'.
tests/navigation-audit.spec.ts(47,13): error TS7053: Element implicitly has an 'any' type because expression of type 'string' can't be used to index type '{ 'Voice AI': { expected: string; status: string; }; 'Google Ads': { expected: string; status: string; }; 'Facebook Ads': { expected: string; status: string; }; 'Lead Generation': { expected: string; status: string; }; }'.
  No index signature with a parameter of type 'string' was found on type '{ 'Voice AI': { expected: string; status: string; }; 'Google Ads': { expected: string; status: string; }; 'Facebook Ads': { expected: string; status: string; }; 'Lead Generation': { expected: string; status: string; }; }'.
tests/navigation-audit.spec.ts(50,13): error TS7053: Element implicitly has an 'any' type because expression of type 'string' can't be used to index type '{ 'Voice AI': { expected: string; status: string; }; 'Google Ads': { expected: string; status: string; }; 'Facebook Ads': { expected: string; status: string; }; 'Lead Generation': { expected: string; status: string; }; }'.
  No index signature with a parameter of type 'string' was found on type '{ 'Voice AI': { expected: string; status: string; }; 'Google Ads': { expected: string; status: string; }; 'Facebook Ads': { expected: string; status: string; }; 'Lead Generation': { expected: string; status: string; }; }'.
tests/navigation-audit.spec.ts(58,11): error TS7053: Element implicitly has an 'any' type because expression of type 'string' can't be used to index type '{ 'Voice AI': { expected: string; status: string; }; 'Google Ads': { expected: string; status: string; }; 'Facebook Ads': { expected: string; status: string; }; 'Lead Generation': { expected: string; status: string; }; }'.
  No index signature with a parameter of type 'string' was found on type '{ 'Voice AI': { expected: string; status: string; }; 'Google Ads': { expected: string; status: string; }; 'Facebook Ads': { expected: string; status: string; }; 'Lead Generation': { expected: string; status: string; }; }'.
tests/navigation-audit.spec.ts(62,9): error TS7053: Element implicitly has an 'any' type because expression of type 'string' can't be used to index type '{ 'Voice AI': { expected: string; status: string; }; 'Google Ads': { expected: string; status: string; }; 'Facebook Ads': { expected: string; status: string; }; 'Lead Generation': { expected: string; status: string; }; }'.
  No index signature with a parameter of type 'string' was found on type '{ 'Voice AI': { expected: string; status: string; }; 'Google Ads': { expected: string; status: string; }; 'Facebook Ads': { expected: string; status: string; }; 'Lead Generation': { expected: string; status: string; }; }'.
tests/production-validation.spec.ts(166,42): error TS18046: 'error' is of type 'unknown'.
tests/production-validation.spec.ts(167,40): error TS18046: 'error' is of type 'unknown'.
tests/production-validation.spec.ts(275,35): error TS2345: Argument of type 'string' is not assignable to parameter of type 'never'.
tests/production-validation.spec.ts(278,35): error TS2345: Argument of type 'string' is not assignable to parameter of type 'never'.
tests/production-validation.spec.ts(281,35): error TS2345: Argument of type 'string' is not assignable to parameter of type 'never'.
tests/production-validation.spec.ts(284,35): error TS2345: Argument of type 'string' is not assignable to parameter of type 'never'.
tests/production-validation.spec.ts(287,35): error TS2345: Argument of type '"âœ… ALL TESTS PASSED - READY FOR PRODUCTION DEPLOYMENT"' is not assignable to parameter of type 'never'.
